2025-12-11 19:39:08,008: ERROR: Internal Server Error: /
Traceback (most recent call last):
  File "/var/www/syndo/venv/lib/python3.13/site-packages/django/contrib/sessions/backends/base.py", line 246, in _get_session
    return self._session_cache
           ^^^^^^^^^^^^^^^^^^^
AttributeError: 'SessionStore' object has no attribute '_session_cache'

During handling of the above exception, another exception occurred:

Traceback (most recent call last):
  File "/var/www/syndo/venv/lib/python3.13/site-packages/django/db/backends/utils.py", line 105, in _execute
    return self.cursor.execute(sql, params)
           ~~~~~~~~~~~~~~~~~~~^^^^^^^^^^^^^
  File "/var/www/syndo/venv/lib/python3.13/site-packages/django/db/backends/sqlite3/base.py", line 359, in execute
    return super().execute(query, params)
           ~~~~~~~~~~~~~~~^^^^^^^^^^^^^^^
sqlite3.OperationalError: no such table: django_session

The above exception was the direct cause of the following exception:

Traceback (most recent call last):
  File "/var/www/syndo/venv/lib/python3.13/site-packages/django/core/handlers/exception.py", line 55, in inner
    response = get_response(request)
  File "/var/www/syndo/venv/lib/python3.13/site-packages/django/core/handlers/base.py", line 198, in _get_response
    response = wrapped_callback(request, *callback_args, **callback_kwargs)
  File "/var/www/syndo/venv/lib/python3.13/site-packages/django/contrib/auth/decorators.py", line 56, in _view_wrapper
    test_pass = test_func(request.user)
  File "/var/www/syndo/venv/lib/python3.13/site-packages/django/contrib/auth/decorators.py", line 79, in <lambda>
    lambda u: u.is_authenticated,
              ^^^^^^^^^^^^^^^^^^
  File "/var/www/syndo/venv/lib/python3.13/site-packages/django/utils/functional.py", line 251, in inner
    self._setup()
    ~~~~~~~~~~~^^
  File "/var/www/syndo/venv/lib/python3.13/site-packages/django/utils/functional.py", line 404, in _setup
    self._wrapped = self._setupfunc()
                    ~~~~~~~~~~~~~~~^^
  File "/var/www/syndo/venv/lib/python3.13/site-packages/django/contrib/auth/middleware.py", line 40, in <lambda>
    request.user = SimpleLazyObject(lambda: get_user(request))
                                            ~~~~~~~~^^^^^^^^^
  File "/var/www/syndo/venv/lib/python3.13/site-packages/django/contrib/auth/middleware.py", line 20, in get_user
    request._cached_user = auth.get_user(request)
                           ~~~~~~~~~~~~~^^^^^^^^^
  File "/var/www/syndo/venv/lib/python3.13/site-packages/django/contrib/auth/__init__.py", line 311, in get_user
    user_id = _get_user_session_key(request)
  File "/var/www/syndo/venv/lib/python3.13/site-packages/django/contrib/auth/__init__.py", line 95, in _get_user_session_key
    return get_user_model()._meta.pk.to_python(request.session[SESSION_KEY])
                                               ~~~~~~~~~~~~~~~^^^^^^^^^^^^^
  File "/var/www/syndo/venv/lib/python3.13/site-packages/django/contrib/sessions/backends/base.py", line 55, in __getitem__
    return self._session[key]
           ^^^^^^^^^^^^^
  File "/var/www/syndo/venv/lib/python3.13/site-packages/django/contrib/sessions/backends/base.py", line 251, in _get_session
    self._session_cache = self.load()
                          ~~~~~~~~~^^
  File "/var/www/syndo/venv/lib/python3.13/site-packages/django/contrib/sessions/backends/db.py", line 55, in load
    s = self._get_session_from_db()
  File "/var/www/syndo/venv/lib/python3.13/site-packages/django/contrib/sessions/backends/db.py", line 34, in _get_session_from_db
    return self.model.objects.get(
           ~~~~~~~~~~~~~~~~~~~~~~^
        session_key=self.session_key, expire_date__gt=timezone.now()
        ^^^^^^^^^^^^^^^^^^^^^^^^^^^^^^^^^^^^^^^^^^^^^^^^^^^^^^^^^^^^
    )
    ^
  File "/var/www/syndo/venv/lib/python3.13/site-packages/django/db/models/manager.py", line 87, in manager_method
    return getattr(self.get_queryset(), name)(*args, **kwargs)
           ~~~~~~~~~~~~~~~~~~~~~~~~~~~~~~~~~~^^^^^^^^^^^^^^^^^
  File "/var/www/syndo/venv/lib/python3.13/site-packages/django/db/models/query.py", line 635, in get
    num = len(clone)
  File "/var/www/syndo/venv/lib/python3.13/site-packages/django/db/models/query.py", line 372, in __len__
    self._fetch_all()
    ~~~~~~~~~~~~~~~^^
  File "/var/www/syndo/venv/lib/python3.13/site-packages/django/db/models/query.py", line 2000, in _fetch_all
    self._result_cache = list(self._iterable_class(self))
                         ~~~~^^^^^^^^^^^^^^^^^^^^^^^^^^^^
  File "/var/www/syndo/venv/lib/python3.13/site-packages/django/db/models/query.py", line 95, in __iter__
    results = compiler.execute_sql(
        chunked_fetch=self.chunked_fetch, chunk_size=self.chunk_size
    )
  File "/var/www/syndo/venv/lib/python3.13/site-packages/django/db/models/sql/compiler.py", line 1624, in execute_sql
    cursor.execute(sql, params)
    ~~~~~~~~~~~~~~^^^^^^^^^^^^^
  File "/var/www/syndo/venv/lib/python3.13/site-packages/django/db/backends/utils.py", line 122, in execute
    return super().execute(sql, params)
           ~~~~~~~~~~~~~~~^^^^^^^^^^^^^
  File "/var/www/syndo/venv/lib/python3.13/site-packages/django/db/backends/utils.py", line 79, in execute
    return self._execute_with_wrappers(
           ~~~~~~~~~~~~~~~~~~~~~~~~~~~^
        sql, params, many=False, executor=self._execute
        ^^^^^^^^^^^^^^^^^^^^^^^^^^^^^^^^^^^^^^^^^^^^^^^
    )
    ^
  File "/var/www/syndo/venv/lib/python3.13/site-packages/django/db/backends/utils.py", line 92, in _execute_with_wrappers
    return executor(sql, params, many, context)
  File "/var/www/syndo/venv/lib/python3.13/site-packages/django/db/backends/utils.py", line 100, in _execute
    with self.db.wrap_database_errors:
         ^^^^^^^^^^^^^^^^^^^^^^^^^^^^
  File "/var/www/syndo/venv/lib/python3.13/site-packages/django/db/utils.py", line 94, in __exit__
    raise dj_exc_value.with_traceback(traceback) from exc_value
  File "/var/www/syndo/venv/lib/python3.13/site-packages/django/db/backends/utils.py", line 105, in _execute
    return self.cursor.execute(sql, params)
           ~~~~~~~~~~~~~~~~~~~^^^^^^^^^^^^^
  File "/var/www/syndo/venv/lib/python3.13/site-packages/django/db/backends/sqlite3/base.py", line 359, in execute
    return super().execute(query, params)
           ~~~~~~~~~~~~~~~^^^^^^^^^^^^^^^
django.db.utils.OperationalError: no such table: django_session
2025-12-11 19:40:31,800: WARNING: Not Found: /favicon.ico
2025-12-11 19:40:56,665: WARNING: Not Found: /favicon.ico
2025-12-11 19:41:31,942: WARNING: Not Found: /web/Webcontroller/
2025-12-11 19:41:44,857: WARNING: Unauthorized: /users/profile/me/
2025-12-11 19:41:49,744: WARNING: Unauthorized: /users/register-device-token/
2025-12-11 19:43:30,673: WARNING: Not Found: /owa/auth/x.js
2025-12-11 19:53:58,934: WARNING: Bad Request: /vendor/kyc/verify-fssai/
2025-12-11 20:08:28,773: WARNING: Not Found: /robots.txt
2025-12-11 20:11:43,834: WARNING: Not Found: /web/Webcontroller/
2025-12-11 20:16:04,336: WARNING: Not Found: /robots.txt
2025-12-11 20:41:57,047: WARNING: Not Found: /web/Webcontroller/
2025-12-11 20:42:37,030: WARNING: Not Found: /favicon.ico
2025-12-11 20:43:07,388: WARNING: Not Found: /users/vendor-login/
2025-12-11 20:46:53,120: WARNING: Not Found: /users/admin
2025-12-11 21:01:02,188: WARNING: Not Found: /favicon.ico
2025-12-11 21:12:05,479: WARNING: Not Found: /robots.txt
2025-12-11 21:12:05,721: WARNING: Not Found: /robots.txt
2025-12-11 21:12:09,586: WARNING: Not Found: /web/Webcontroller/
2025-12-11 21:42:23,051: WARNING: Not Found: /web/Webcontroller/
2025-12-11 22:12:46,009: WARNING: Not Found: /web/Webcontroller/
2025-12-11 22:53:22,247: WARNING: Not Found: /_next
2025-12-11 23:16:06,596: WARNING: Not Found: /js/twint_ch.js
2025-12-11 23:16:08,539: WARNING: Not Found: /css/support_parent.css
2025-12-12 00:30:41,827: WARNING: Not Found: /favicon.ico
2025-12-12 00:30:45,949: WARNING: Not Found: /favicon.ico
2025-12-12 02:54:30,055: WARNING: Not Found: /js/twint_ch.js
2025-12-12 02:54:37,320: WARNING: Not Found: /js/lkk_ch.js
2025-12-12 03:32:29,662: WARNING: Not Found: /+CSCOL+/Java.jar
2025-12-12 03:32:30,900: WARNING: Not Found: /+CSCOE+/logon_forms.js
2025-12-12 03:32:32,120: WARNING: Not Found: /+CSCOL+/a1.jar
2025-12-12 03:32:33,174: WARNING: Not Found: /+CSCOE+/transfer.js
2025-12-12 03:42:56,727: WARNING: Not Found: /.git/config
2025-12-12 07:12:21,625: WARNING: Not Found: /users/login-admin/favicon.ico
2025-12-12 10:52:13,861: WARNING: Not Found: /wp-login.php
2025-12-12 12:30:43,074: WARNING: Not Found: /users/login-admin/favicon.ico
2025-12-12 14:16:06,010: WARNING: Not Found: /robots.txt
2025-12-12 14:25:11,505: WARNING: Not Found: /+CSCOL+/Java.jar
2025-12-12 14:25:12,330: WARNING: Not Found: /+CSCOE+/logon_forms.js
2025-12-12 14:25:13,185: WARNING: Not Found: /+CSCOL+/a1.jar
2025-12-12 14:25:13,931: WARNING: Not Found: /+CSCOE+/transfer.js
2025-12-12 16:56:46,291: WARNING: Not Found: /favicon.ico
2025-12-12 18:16:47,164: WARNING: Not Found: /app-ads.txt
2025-12-12 18:18:53,355: WARNING: Not Found: /app-ads.txt
2025-12-12 20:08:03,902: WARNING: Not Found: /favicon.ico
2025-12-12 20:08:04,155: WARNING: Not Found: /favicon.ico
2025-12-12 20:08:06,418: WARNING: Not Found: /users/login-admin/favicon.ico
2025-12-12 20:08:06,713: WARNING: Not Found: /users/login-admin/favicon.ico
2025-12-12 20:08:09,208: WARNING: Not Found: /users/login-admin//ads.txt
2025-12-12 20:08:09,587: WARNING: Not Found: /users/login-admin//app-ads.txt
2025-12-12 20:08:09,996: WARNING: Not Found: /users/login-admin//sellers.json
2025-12-12 20:08:10,522: WARNING: Not Found: /users/login-admin//ads.txt
2025-12-12 20:08:10,928: WARNING: Not Found: /users/login-admin//app-ads.txt
2025-12-12 20:08:11,317: WARNING: Not Found: /users/login-admin//sellers.json
2025-12-12 21:15:07,412: WARNING: Not Found: /.env
2025-12-12 21:15:07,854: WARNING: Not Found: /.git/config
2025-12-12 21:15:08,198: WARNING: Not Found: /backend/.env
2025-12-12 21:15:11,577: WARNING: Not Found: /core/.env
2025-12-12 21:15:11,989: WARNING: Not Found: /.env.bak
2025-12-12 21:15:12,303: WARNING: Not Found: /.git/logs/HEAD
2025-12-12 21:15:12,882: WARNING: Not Found: /wp-config.php
2025-12-12 21:15:13,378: WARNING: Not Found: /.gitlab-ci.yml
2025-12-12 21:15:14,626: WARNING: Not Found: /config.json
2025-12-12 21:15:15,010: WARNING: Not Found: /config.js
2025-12-12 21:15:15,425: WARNING: Not Found: /aws-config.js
2025-12-12 21:15:15,899: WARNING: Not Found: /aws.config.js
2025-12-12 21:16:47,955: WARNING: Not Found: /"https:/cdn.jsdelivr.net/npm/bootstrap@5.3.2/dist/js/bootstrap.bundle.min.js"
2025-12-13 05:08:34,248: WARNING: Not Found: /robots.txt
2025-12-13 07:00:18,120: WARNING: Not Found: /hello.world
2025-12-13 07:00:18,746: WARNING: Not Found: /vendor/phpunit/phpunit/src/Util/PHP/eval-stdin.php
2025-12-13 07:00:30,304: WARNING: Not Found: /.git/config
2025-12-13 10:25:37,192: WARNING: Not Found: /developmentserver/metadatauploader
2025-12-13 11:28:04,227: WARNING: Not Found: /app-ads.txt
2025-12-13 12:35:35,683: WARNING: Not Found: /+CSCOL+/Java.jar
2025-12-13 12:35:37,262: WARNING: Not Found: /+CSCOE+/logon_forms.js
2025-12-13 12:35:38,511: WARNING: Not Found: /+CSCOL+/a1.jar
2025-12-13 12:35:40,258: WARNING: Not Found: /+CSCOE+/transfer.js
2025-12-13 14:05:16,460: WARNING: Not Found: /robots.txt
2025-12-13 16:13:16,897: WARNING: Not Found: /favicon.ico
2025-12-13 17:26:44,600: WARNING: Not Found: /.git/config
2025-12-13 22:28:27,707: WARNING: Not Found: /.env
2025-12-13 22:28:27,973: WARNING: Not Found: /.git/config
2025-12-13 22:28:28,498: WARNING: Not Found: /backend/.env
2025-12-13 22:28:29,819: WARNING: Not Found: /core/.env
2025-12-13 22:28:30,220: WARNING: Not Found: /.env.bak
2025-12-13 22:28:30,575: WARNING: Not Found: /.git/logs/HEAD
2025-12-13 22:28:30,936: WARNING: Not Found: /wp-config.php
2025-12-13 22:28:31,229: WARNING: Not Found: /.gitlab-ci.yml
2025-12-13 22:28:31,561: WARNING: Not Found: /config.json
2025-12-13 22:28:31,876: WARNING: Not Found: /config.js
2025-12-13 22:28:32,162: WARNING: Not Found: /aws-config.js
2025-12-13 22:28:32,429: WARNING: Not Found: /aws.config.js
2025-12-13 22:30:08,043: WARNING: Not Found: /"https:/cdn.jsdelivr.net/npm/bootstrap@5.3.2/dist/js/bootstrap.bundle.min.js"
2025-12-13 23:57:46,770: WARNING: Not Found: /+CSCOL+/Java.jar
2025-12-13 23:57:47,675: WARNING: Not Found: /+CSCOE+/logon_forms.js
2025-12-13 23:57:48,584: WARNING: Not Found: /+CSCOL+/a1.jar
2025-12-13 23:57:49,434: WARNING: Not Found: /+CSCOE+/transfer.js
2025-12-14 01:18:00,029: WARNING: Not Found: /.env
2025-12-14 02:10:28,504: WARNING: Forbidden: /vendor/purchase/
2025-12-14 02:10:28,535: WARNING: Not Found: /vendor/vendor-stores/
2025-12-14 02:10:30,446: WARNING: Forbidden: /vendor/company-profile/
2025-12-14 02:26:42,522: WARNING: Not Found: /ab2g
2025-12-14 02:26:43,546: WARNING: Not Found: /ab2h
2025-12-14 02:26:44,604: WARNING: Not Found: /alive.php
2025-12-14 02:26:54,574: WARNING: Not Found: /teorema505
2025-12-14 03:22:47,581: WARNING: Not Found: /developmentserver/metadatauploader
2025-12-14 04:15:16,938: WARNING: Not Found: /.git/config
2025-12-14 05:11:58,144: WARNING: Not Found: /favicon.ico
2025-12-14 05:30:51,278: WARNING: Not Found: /app-ads.txt
2025-12-14 05:30:52,633: WARNING: Not Found: /app-ads.txt
2025-12-14 05:37:30,894: WARNING: Not Found: /SDK/webLanguage
2025-12-14 06:04:01,832: WARNING: Not Found: /.env
2025-12-14 06:04:03,757: WARNING: Not Found: /vendor/phpunit/phpunit/src/Util/PHP/eval-stdin.php
2025-12-14 06:06:16,099: WARNING: Not Found: /.git/config
2025-12-14 06:06:46,390: WARNING: Not Found: /users/login-admin/favicon.ico
2025-12-14 07:22:30,822: WARNING: Not Found: /.git/config
2025-12-14 07:56:17,148: WARNING: Not Found: /application/frontend/css/monsta.css
2025-12-14 07:56:17,746: WARNING: Not Found: /.env
2025-12-14 07:56:18,330: WARNING: Not Found: /.vscode/sftp.json
2025-12-14 07:56:18,935: WARNING: Not Found: /.config/sftp.json
2025-12-14 07:56:19,558: WARNING: Not Found: /sftp.json
2025-12-14 07:56:20,017: WARNING: Not Found: /mftp/application/frontend/css/monsta.css
2025-12-14 08:50:58,350: WARNING: Not Found: /app-ads.txt
2025-12-14 08:52:10,103: WARNING: Not Found: /app-ads.txt
2025-12-14 10:22:44,037: WARNING: Not Found: /+CSCOL+/Java.jar
2025-12-14 10:22:45,424: WARNING: Not Found: /+CSCOE+/logon_forms.js
2025-12-14 10:22:46,851: WARNING: Not Found: /+CSCOL+/a1.jar
2025-12-14 10:22:48,245: WARNING: Not Found: /+CSCOE+/transfer.js
2025-12-14 10:30:12,149: WARNING: Not Found: /.env
2025-12-14 10:30:13,799: WARNING: Not Found: /vendor/phpunit/phpunit/src/Util/PHP/eval-stdin.php
2025-12-14 12:12:18,958: WARNING: Not Found: /users/login-admin/favicon.ico
2025-12-14 16:20:44,750: WARNING: Not Found: /favicon.ico
2025-12-14 16:31:57,151: WARNING: Not Found: /.git/config
2025-12-14 16:32:41,009: WARNING: Not Found: /app/.env
2025-12-14 16:32:41,021: WARNING: Not Found: /core/.env
2025-12-14 16:32:41,026: WARNING: Not Found: /.env.save
2025-12-14 16:32:41,034: WARNING: Not Found: /.env
2025-12-14 16:32:41,065: WARNING: Not Found: /env.production
2025-12-14 18:42:17,412: WARNING: Not Found: /users/login-admin/favicon.ico
2025-12-14 19:05:21,696: WARNING: Not Found: /robots.txt
2025-12-14 20:56:14,501: WARNING: Not Found: /+CSCOL+/Java.jar
2025-12-14 20:56:15,485: WARNING: Not Found: /+CSCOE+/logon_forms.js
2025-12-14 20:56:16,553: WARNING: Not Found: /+CSCOL+/a1.jar
2025-12-14 20:56:17,977: WARNING: Not Found: /+CSCOE+/transfer.js
2025-12-14 21:26:51,507: WARNING: Not Found: /users/login-admin/favicon.ico
2025-12-14 21:48:14,909: WARNING: Not Found: /robots.txt
2025-12-14 23:00:23,360: WARNING: Not Found: /.git/config
2025-12-14 23:25:08,321: WARNING: Not Found: /robots.txt
2025-12-14 23:25:09,132: WARNING: Not Found: /robots.txt
2025-12-14 23:25:21,603: WARNING: Not Found: /lander
2025-12-14 23:51:51,094: WARNING: Not Found: /null
2025-12-14 23:52:39,886: WARNING: Not Found: /null
2025-12-14 23:52:56,764: WARNING: Not Found: /null
2025-12-14 23:53:16,278: WARNING: Not Found: /null
2025-12-14 23:53:24,278: WARNING: Not Found: /null
2025-12-14 23:53:24,759: WARNING: Not Found: /null
2025-12-14 23:53:25,080: WARNING: Not Found: /null
2025-12-14 23:53:43,638: WARNING: Not Found: /null
2025-12-14 23:53:47,263: WARNING: Not Found: /null
2025-12-14 23:53:47,561: WARNING: Not Found: /null
2025-12-14 23:53:47,879: WARNING: Not Found: /null
2025-12-14 23:54:07,959: WARNING: Not Found: /null
2025-12-14 23:54:09,649: WARNING: Not Found: /null
2025-12-14 23:54:10,004: WARNING: Not Found: /null
2025-12-14 23:54:10,279: WARNING: Not Found: /null
2025-12-14 23:54:36,924: WARNING: Not Found: /null
2025-12-14 23:54:50,934: WARNING: Not Found: /null
2025-12-15 00:48:44,594: WARNING: Not Found: /.env
2025-12-15 00:49:53,217: WARNING: Not Found: /_next
2025-12-15 00:51:31,838: WARNING: Not Found: /_next
2025-12-15 00:51:58,022: WARNING: Not Found: /_next
2025-12-15 01:52:24,190: WARNING: Not Found: /favicon.ico
2025-12-15 01:53:33,872: WARNING: Not Found: /favicon.ico
2025-12-15 02:04:49,709: WARNING: Not Found: /_next
2025-12-15 02:10:39,356: WARNING: Not Found: /robots.txt
2025-12-15 02:30:17,067: WARNING: Not Found: /robots.txt
2025-12-15 02:47:58,969: WARNING: Not Found: /robots.txt
2025-12-15 03:05:13,759: WARNING: Not Found: /robots.txt
2025-12-15 03:27:55,844: WARNING: Not Found: /robots.txt
2025-12-15 04:05:33,556: WARNING: Not Found: /robots.txt
2025-12-15 04:07:28,808: WARNING: Not Found: /favicon.ico
2025-12-15 04:10:29,760: WARNING: Not Found: /favicon.ico
2025-12-15 04:16:32,373: WARNING: Not Found: /favicon.ico
2025-12-15 04:19:12,866: WARNING: Not Found: /robots.txt
2025-12-15 06:10:30,577: WARNING: Not Found: /favicon.ico
2025-12-15 06:27:20,796: WARNING: Not Found: /favicon.ico
2025-12-15 06:28:43,737: WARNING: Not Found: /favicon.ico
2025-12-15 06:32:39,004: WARNING: Not Found: /favicon.ico
2025-12-15 06:36:26,014: WARNING: Not Found: /favicon.ico
2025-12-15 06:39:28,767: WARNING: Not Found: /favicon.ico
2025-12-15 06:43:36,027: WARNING: Not Found: /favicon.ico
2025-12-15 06:47:43,107: WARNING: Not Found: /favicon.ico
2025-12-15 06:50:31,906: WARNING: Not Found: /favicon.ico
2025-12-15 06:54:52,343: WARNING: Not Found: /favicon.ico
2025-12-15 07:18:13,127: WARNING: Not Found: /+CSCOL+/Java.jar
2025-12-15 07:18:14,554: WARNING: Not Found: /+CSCOE+/logon_forms.js
2025-12-15 07:18:16,004: WARNING: Not Found: /+CSCOL+/a1.jar
2025-12-15 07:18:17,165: WARNING: Not Found: /+CSCOE+/transfer.js
2025-12-15 07:28:30,005: WARNING: Not Found: /app-ads.txt
2025-12-15 07:36:48,488: WARNING: Not Found: /app-ads.txt
2025-12-15 09:08:57,958: WARNING: Not Found: /autodiscover/autodiscover.json
2025-12-15 10:34:46,926: WARNING: Not Found: /assets/index-CiyCXPRL.js
2025-12-15 10:35:13,227: WARNING: Not Found: /favicon.ico
2025-12-15 10:36:38,054: WARNING: Unauthorized: /masters/get-product-category/
2025-12-15 10:36:38,054: WARNING: Unauthorized: /users/profile/me/
2025-12-15 10:36:38,063: WARNING: Unauthorized: /users/register-device-token/
2025-12-15 10:36:38,100: WARNING: Unauthorized: /customer/address/
2025-12-15 10:36:38,167: WARNING: Not Found: //users/refresh/
2025-12-15 10:36:38,170: WARNING: Not Found: //users/refresh/
2025-12-15 10:36:38,173: WARNING: Unauthorized: /customer/Home-Screen-Api/
2025-12-15 10:36:38,187: WARNING: Not Found: //users/refresh/
2025-12-15 10:36:38,225: WARNING: Not Found: //users/refresh/
2025-12-15 10:36:38,419: WARNING: Unauthorized: /customer/address/
2025-12-15 11:05:08,708: WARNING: Unauthorized: /users/profile/me/
2025-12-15 11:05:13,544: WARNING: Unauthorized: /users/register-device-token/
2025-12-15 11:27:53,568: WARNING: Unauthorized: /users/profile/me/
2025-12-15 11:27:53,573: WARNING: Unauthorized: /users/register-device-token/
2025-12-15 11:27:53,613: WARNING: Unauthorized: /customer/address/
2025-12-15 11:27:53,670: WARNING: Unauthorized: /masters/get-product-category/
2025-12-15 11:27:53,763: WARNING: Unauthorized: /customer/Home-Screen-Api/
2025-12-15 11:27:53,785: WARNING: Not Found: //users/refresh/
2025-12-15 11:27:53,823: WARNING: Not Found: //users/refresh/
2025-12-15 11:27:53,869: WARNING: Not Found: //users/refresh/
2025-12-15 11:27:53,879: WARNING: Not Found: //users/refresh/
2025-12-15 11:27:53,883: WARNING: Not Found: //users/refresh/
2025-12-15 11:27:54,102: WARNING: Unauthorized: /customer/address/
2025-12-15 12:06:23,248: WARNING: Unauthorized: /vendor/sales/
2025-12-15 12:06:48,949: WARNING: Bad Request: /vendor/sales/
2025-12-15 12:06:57,655: WARNING: Not Found: /favicon.ico
2025-12-15 12:06:59,121: WARNING: Not Found: /firebase-messaging-sw.js
2025-12-15 12:07:04,522: WARNING: Not Found: /firebase-messaging-sw.js
2025-12-15 12:07:06,648: WARNING: Not Found: /firebase-messaging-sw.js
2025-12-15 12:07:30,979: WARNING: Not Found: /firebase-messaging-sw.js
2025-12-15 12:07:33,159: WARNING: Not Found: /firebase-messaging-sw.js
2025-12-15 12:07:40,467: ERROR: Internal Server Error: /vendor/sales/
Traceback (most recent call last):
  File "C:\Users\Pratik Gosavi\AppData\Local\Programs\Python\Python310\lib\site-packages\django\db\backends\utils.py", line 105, in _execute
    return self.cursor.execute(sql, params)
  File "C:\Users\Pratik Gosavi\AppData\Local\Programs\Python\Python310\lib\site-packages\django\db\backends\sqlite3\base.py", line 354, in execute
    return super().execute(query, params)
sqlite3.OperationalError: no such column: customer_review.user_id

The above exception was the direct cause of the following exception:

Traceback (most recent call last):
  File "C:\Users\Pratik Gosavi\AppData\Local\Programs\Python\Python310\lib\site-packages\django\core\handlers\exception.py", line 55, in inner
    response = get_response(request)
  File "C:\Users\Pratik Gosavi\AppData\Local\Programs\Python\Python310\lib\site-packages\django\core\handlers\base.py", line 197, in _get_response
    response = wrapped_callback(request, *callback_args, **callback_kwargs)
  File "C:\Users\Pratik Gosavi\AppData\Local\Programs\Python\Python310\lib\site-packages\django\views\decorators\csrf.py", line 65, in _view_wrapper
    return view_func(request, *args, **kwargs)
  File "C:\Users\Pratik Gosavi\AppData\Local\Programs\Python\Python310\lib\site-packages\rest_framework\viewsets.py", line 124, in view
    return self.dispatch(request, *args, **kwargs)
  File "C:\Users\Pratik Gosavi\AppData\Local\Programs\Python\Python310\lib\site-packages\rest_framework\views.py", line 509, in dispatch
    response = self.handle_exception(exc)
  File "C:\Users\Pratik Gosavi\AppData\Local\Programs\Python\Python310\lib\site-packages\rest_framework\views.py", line 469, in handle_exception
    self.raise_uncaught_exception(exc)
  File "C:\Users\Pratik Gosavi\AppData\Local\Programs\Python\Python310\lib\site-packages\rest_framework\views.py", line 480, in raise_uncaught_exception
    raise exc
  File "C:\Users\Pratik Gosavi\AppData\Local\Programs\Python\Python310\lib\site-packages\rest_framework\views.py", line 506, in dispatch
    response = handler(request, *args, **kwargs)
  File "C:\Users\Pratik Gosavi\AppData\Local\Programs\Python\Python310\lib\site-packages\rest_framework\mixins.py", line 20, in create
    headers = self.get_success_headers(serializer.data)
  File "C:\Users\Pratik Gosavi\AppData\Local\Programs\Python\Python310\lib\site-packages\rest_framework\serializers.py", line 571, in data
    ret = super().data
  File "C:\Users\Pratik Gosavi\AppData\Local\Programs\Python\Python310\lib\site-packages\rest_framework\serializers.py", line 249, in data
    self._data = self.to_representation(self.instance)
  File "C:\Users\Pratik Gosavi\AppData\Local\Programs\Python\Python310\lib\site-packages\rest_framework\serializers.py", line 538, in to_representation
    ret[field.field_name] = field.to_representation(attribute)
  File "C:\Users\Pratik Gosavi\AppData\Local\Programs\Python\Python310\lib\site-packages\rest_framework\serializers.py", line 713, in to_representation
    return [
  File "C:\Users\Pratik Gosavi\AppData\Local\Programs\Python\Python310\lib\site-packages\rest_framework\serializers.py", line 714, in <listcomp>
    self.child.to_representation(item) for item in iterable
  File "C:\Users\Pratik Gosavi\AppData\Local\Programs\Python\Python310\lib\site-packages\rest_framework\serializers.py", line 538, in to_representation
    ret[field.field_name] = field.to_representation(attribute)
  File "C:\Users\Pratik Gosavi\AppData\Local\Programs\Python\Python310\lib\site-packages\rest_framework\serializers.py", line 538, in to_representation
    ret[field.field_name] = field.to_representation(attribute)
  File "C:\Users\Pratik Gosavi\AppData\Local\Programs\Python\Python310\lib\site-packages\rest_framework\fields.py", line 1870, in to_representation
    return method(value)
  File "C:\Users\Pratik Gosavi\OneDrive\Desktop\hope again\syndo\vendor\serializers.py", line 688, in get_variants
    return serializer.data
  File "C:\Users\Pratik Gosavi\AppData\Local\Programs\Python\Python310\lib\site-packages\rest_framework\serializers.py", line 795, in data
    ret = super().data
  File "C:\Users\Pratik Gosavi\AppData\Local\Programs\Python\Python310\lib\site-packages\rest_framework\serializers.py", line 249, in data
    self._data = self.to_representation(self.instance)
  File "C:\Users\Pratik Gosavi\AppData\Local\Programs\Python\Python310\lib\site-packages\rest_framework\serializers.py", line 713, in to_representation
    return [
  File "C:\Users\Pratik Gosavi\AppData\Local\Programs\Python\Python310\lib\site-packages\rest_framework\serializers.py", line 714, in <listcomp>
    self.child.to_representation(item) for item in iterable
  File "C:\Users\Pratik Gosavi\AppData\Local\Programs\Python\Python310\lib\site-packages\rest_framework\serializers.py", line 538, in to_representation
    ret[field.field_name] = field.to_representation(attribute)
  File "C:\Users\Pratik Gosavi\AppData\Local\Programs\Python\Python310\lib\site-packages\rest_framework\fields.py", line 1870, in to_representation
    return method(value)
  File "C:\Users\Pratik Gosavi\OneDrive\Desktop\hope again\syndo\vendor\serializers.py", line 268, in get_reviews
    return ReviewSerializer(reviews, many=True).data
  File "C:\Users\Pratik Gosavi\AppData\Local\Programs\Python\Python310\lib\site-packages\rest_framework\serializers.py", line 795, in data
    ret = super().data
  File "C:\Users\Pratik Gosavi\AppData\Local\Programs\Python\Python310\lib\site-packages\rest_framework\serializers.py", line 249, in data
    self._data = self.to_representation(self.instance)
  File "C:\Users\Pratik Gosavi\AppData\Local\Programs\Python\Python310\lib\site-packages\rest_framework\serializers.py", line 713, in to_representation
    return [
  File "C:\Users\Pratik Gosavi\AppData\Local\Programs\Python\Python310\lib\site-packages\django\db\models\query.py", line 400, in __iter__
    self._fetch_all()
  File "C:\Users\Pratik Gosavi\AppData\Local\Programs\Python\Python310\lib\site-packages\django\db\models\query.py", line 1928, in _fetch_all
    self._result_cache = list(self._iterable_class(self))
  File "C:\Users\Pratik Gosavi\AppData\Local\Programs\Python\Python310\lib\site-packages\django\db\models\query.py", line 91, in __iter__
    results = compiler.execute_sql(
  File "C:\Users\Pratik Gosavi\AppData\Local\Programs\Python\Python310\lib\site-packages\django\db\models\sql\compiler.py", line 1574, in execute_sql
    cursor.execute(sql, params)
  File "C:\Users\Pratik Gosavi\AppData\Local\Programs\Python\Python310\lib\site-packages\django\db\backends\utils.py", line 122, in execute
    return super().execute(sql, params)
  File "C:\Users\Pratik Gosavi\AppData\Local\Programs\Python\Python310\lib\site-packages\django\db\backends\utils.py", line 79, in execute
    return self._execute_with_wrappers(
  File "C:\Users\Pratik Gosavi\AppData\Local\Programs\Python\Python310\lib\site-packages\django\db\backends\utils.py", line 92, in _execute_with_wrappers
    return executor(sql, params, many, context)
  File "C:\Users\Pratik Gosavi\AppData\Local\Programs\Python\Python310\lib\site-packages\django\db\backends\utils.py", line 100, in _execute
    with self.db.wrap_database_errors:
  File "C:\Users\Pratik Gosavi\AppData\Local\Programs\Python\Python310\lib\site-packages\django\db\utils.py", line 91, in __exit__
    raise dj_exc_value.with_traceback(traceback) from exc_value
  File "C:\Users\Pratik Gosavi\AppData\Local\Programs\Python\Python310\lib\site-packages\django\db\backends\utils.py", line 105, in _execute
    return self.cursor.execute(sql, params)
  File "C:\Users\Pratik Gosavi\AppData\Local\Programs\Python\Python310\lib\site-packages\django\db\backends\sqlite3\base.py", line 354, in execute
    return super().execute(query, params)
django.db.utils.OperationalError: no such column: customer_review.user_id
2025-12-15 17:38:12,751: WARNING: Unauthorized: /vendor/customer/11/ledger/
2025-12-15 17:38:17,606: WARNING: Unauthorized: /vendor/customer/1/ledger/
2025-12-15 17:38:25,316: WARNING: Unauthorized: /vendor/customer/1/ledger/
2025-12-15 17:38:29,145: WARNING: Unauthorized: /vendor/customer/1/ledger/
2025-12-15 17:38:41,217: WARNING: Unauthorized: /vendor/customer/1/ledger/
2025-12-15 17:39:13,581: WARNING: Not Found: /favicon.ico
2025-12-15 17:39:15,245: WARNING: Not Found: /firebase-messaging-sw.js
2025-12-15 17:39:18,511: WARNING: Not Found: /firebase-messaging-sw.js
